0 info it worked if it ends with ok
1 verbose cli [ '/usr/bin/nodejs', '/usr/bin/npm', 'install', 'bufferutil' ]
2 info using npm@3.5.2
3 info using node@v4.2.6
4 silly loadCurrentTree Starting
5 silly install loadCurrentTree
6 silly install readLocalPackageData
7 silly fetchPackageMetaData bufferutil
8 silly fetchNamedPackageData bufferutil
9 silly mapToRegistry name bufferutil
10 silly mapToRegistry using default registry
11 silly mapToRegistry registry https://registry.npmjs.org/
12 silly mapToRegistry uri https://registry.npmjs.org/bufferutil
13 verbose request uri https://registry.npmjs.org/bufferutil
14 verbose request no auth needed
15 info attempt registry request try #1 at 11:35:32 AM
16 verbose request id 7713741218590753
17 http request GET https://registry.npmjs.org/bufferutil
18 http 200 https://registry.npmjs.org/bufferutil
19 verbose headers { date: 'Mon, 06 Apr 2020 11:35:32 GMT',
19 verbose headers   'content-type': 'application/json',
19 verbose headers   'transfer-encoding': 'chunked',
19 verbose headers   connection: 'keep-alive',
19 verbose headers   'set-cookie': [ '__cfduid=da00b2e31623559c8564857b4363efb3e1586172932; expires=Wed, 06-May-20 11:35:32 GMT; path=/; domain=.npmjs.org; HttpOnly; SameSite=Lax' ],
19 verbose headers   'cf-ray': '57fb34bc29399f0f-ORD',
19 verbose headers   age: '7127',
19 verbose headers   'cache-control': 'public, max-age=300',
19 verbose headers   etag: 'W/"d152ecbcb5a1345426a96c67e5c60801"',
19 verbose headers   'last-modified': 'Tue, 01 Jan 2019 11:09:11 GMT',
19 verbose headers   vary: 'accept-encoding, accept',
19 verbose headers   'cf-cache-status': 'HIT',
19 verbose headers   'expect-ct': 'max-age=604800, report-uri="https://report-uri.cloudflare.com/cdn-cgi/beacon/expect-ct"',
19 verbose headers   server: 'cloudflare',
19 verbose headers   'content-encoding': 'gzip' }
20 silly get cb [ 200,
20 silly get   { date: 'Mon, 06 Apr 2020 11:35:32 GMT',
20 silly get     'content-type': 'application/json',
20 silly get     'transfer-encoding': 'chunked',
20 silly get     connection: 'keep-alive',
20 silly get     'set-cookie': [ '__cfduid=da00b2e31623559c8564857b4363efb3e1586172932; expires=Wed, 06-May-20 11:35:32 GMT; path=/; domain=.npmjs.org; HttpOnly; SameSite=Lax' ],
20 silly get     'cf-ray': '57fb34bc29399f0f-ORD',
20 silly get     age: '7127',
20 silly get     'cache-control': 'public, max-age=300',
20 silly get     etag: 'W/"d152ecbcb5a1345426a96c67e5c60801"',
20 silly get     'last-modified': 'Tue, 01 Jan 2019 11:09:11 GMT',
20 silly get     vary: 'accept-encoding, accept',
20 silly get     'cf-cache-status': 'HIT',
20 silly get     'expect-ct': 'max-age=604800, report-uri="https://report-uri.cloudflare.com/cdn-cgi/beacon/expect-ct"',
20 silly get     server: 'cloudflare',
20 silly get     'content-encoding': 'gzip' } ]
21 verbose get saving bufferutil to /home/baesh_dev/.npm/registry.npmjs.org/bufferutil/.cache.json
22 silly install normalizeTree
23 silly loadCurrentTree Finishing
24 silly loadIdealTree Starting
25 silly install loadIdealTree
26 silly cloneCurrentTree Starting
27 silly install cloneCurrentTreeToIdealTree
28 silly cloneCurrentTree Finishing
29 silly loadShrinkwrap Starting
30 silly install loadShrinkwrap
31 silly loadShrinkwrap Finishing
32 silly loadAllDepsIntoIdealTree Starting
33 silly install loadAllDepsIntoIdealTree
34 silly resolveWithNewModule bufferutil@4.0.1 checking installable status
35 silly cache add args [ 'bufferutil', null ]
36 verbose cache add spec bufferutil
37 silly cache add parsed spec Result {
37 silly cache add   raw: 'bufferutil',
37 silly cache add   scope: null,
37 silly cache add   name: 'bufferutil',
37 silly cache add   rawSpec: '',
37 silly cache add   spec: 'latest',
37 silly cache add   type: 'tag' }
38 silly addNamed bufferutil@latest
39 verbose addNamed "latest" is being treated as a dist-tag for bufferutil
40 info addNameTag [ 'bufferutil', 'latest' ]
41 silly mapToRegistry name bufferutil
42 silly mapToRegistry using default registry
43 silly mapToRegistry registry https://registry.npmjs.org/
44 silly mapToRegistry uri https://registry.npmjs.org/bufferutil
45 verbose addNameTag registry:https://registry.npmjs.org/bufferutil not in flight; fetching
46 verbose get https://registry.npmjs.org/bufferutil not expired, no request
47 silly addNameTag next cb for bufferutil with tag latest
48 silly addNamed bufferutil@4.0.1
49 verbose addNamed "4.0.1" is a plain semver version for bufferutil
50 silly mapToRegistry name bufferutil
51 silly mapToRegistry using default registry
52 silly mapToRegistry registry https://registry.npmjs.org/
53 silly mapToRegistry uri https://registry.npmjs.org/bufferutil
54 verbose addRemoteTarball https://registry.npmjs.org/bufferutil/-/bufferutil-4.0.1.tgz not in flight; adding
55 verbose addRemoteTarball [ 'https://registry.npmjs.org/bufferutil/-/bufferutil-4.0.1.tgz',
55 verbose addRemoteTarball   '3a177e8e5819a1243fe16b63a199951a7ad8d4a7' ]
56 info retry fetch attempt 1 at 11:35:32 AM
57 info attempt registry request try #1 at 11:35:32 AM
58 http fetch GET https://registry.npmjs.org/bufferutil/-/bufferutil-4.0.1.tgz
59 http fetch 200 https://registry.npmjs.org/bufferutil/-/bufferutil-4.0.1.tgz
60 silly fetchAndShaCheck shasum 3a177e8e5819a1243fe16b63a199951a7ad8d4a7
61 verbose addTmpTarball /tmp/npm-8915-0b0be00e/registry.npmjs.org/bufferutil/-/bufferutil-4.0.1.tgz not in flight; adding
62 verbose addTmpTarball already have metadata; skipping unpack for bufferutil@4.0.1
63 silly cache afterAdd bufferutil@4.0.1
64 verbose afterAdd /home/baesh_dev/.npm/bufferutil/4.0.1/package/package.json not in flight; writing
65 verbose afterAdd /home/baesh_dev/.npm/bufferutil/4.0.1/package/package.json written
66 silly fetchNamedPackageData node-gyp-build
67 silly mapToRegistry name node-gyp-build
68 silly mapToRegistry using default registry
69 silly mapToRegistry registry https://registry.npmjs.org/
70 silly mapToRegistry uri https://registry.npmjs.org/node-gyp-build
71 verbose request uri https://registry.npmjs.org/node-gyp-build
72 verbose request no auth needed
73 info attempt registry request try #1 at 11:35:32 AM
74 http request GET https://registry.npmjs.org/node-gyp-build
75 http 200 https://registry.npmjs.org/node-gyp-build
76 verbose headers { date: 'Mon, 06 Apr 2020 11:35:32 GMT',
76 verbose headers   'content-type': 'application/json',
76 verbose headers   'transfer-encoding': 'chunked',
76 verbose headers   connection: 'keep-alive',
76 verbose headers   'set-cookie': [ '__cfduid=dd5dcbaa5a6eb01ca217de6279f4ad94a1586172932; expires=Wed, 06-May-20 11:35:32 GMT; path=/; domain=.npmjs.org; HttpOnly; SameSite=Lax' ],
76 verbose headers   'cf-ray': '57fb34bde82355da-ORD',
76 verbose headers   age: '3845',
76 verbose headers   'cache-control': 'public, max-age=300',
76 verbose headers   etag: 'W/"8e9b3e7662c0a05a64cb292274659b10"',
76 verbose headers   'last-modified': 'Wed, 04 Mar 2020 12:48:34 GMT',
76 verbose headers   vary: 'accept-encoding, accept',
76 verbose headers   'cf-cache-status': 'HIT',
76 verbose headers   'expect-ct': 'max-age=604800, report-uri="https://report-uri.cloudflare.com/cdn-cgi/beacon/expect-ct"',
76 verbose headers   server: 'cloudflare',
76 verbose headers   'content-encoding': 'gzip' }
77 silly get cb [ 200,
77 silly get   { date: 'Mon, 06 Apr 2020 11:35:32 GMT',
77 silly get     'content-type': 'application/json',
77 silly get     'transfer-encoding': 'chunked',
77 silly get     connection: 'keep-alive',
77 silly get     'set-cookie': [ '__cfduid=dd5dcbaa5a6eb01ca217de6279f4ad94a1586172932; expires=Wed, 06-May-20 11:35:32 GMT; path=/; domain=.npmjs.org; HttpOnly; SameSite=Lax' ],
77 silly get     'cf-ray': '57fb34bde82355da-ORD',
77 silly get     age: '3845',
77 silly get     'cache-control': 'public, max-age=300',
77 silly get     etag: 'W/"8e9b3e7662c0a05a64cb292274659b10"',
77 silly get     'last-modified': 'Wed, 04 Mar 2020 12:48:34 GMT',
77 silly get     vary: 'accept-encoding, accept',
77 silly get     'cf-cache-status': 'HIT',
77 silly get     'expect-ct': 'max-age=604800, report-uri="https://report-uri.cloudflare.com/cdn-cgi/beacon/expect-ct"',
77 silly get     server: 'cloudflare',
77 silly get     'content-encoding': 'gzip' } ]
78 verbose get saving node-gyp-build to /home/baesh_dev/.npm/registry.npmjs.org/node-gyp-build/.cache.json
79 silly resolveWithNewModule node-gyp-build@3.7.0 checking installable status
80 silly cache add args [ 'node-gyp-build@~3.7.0', null ]
81 verbose cache add spec node-gyp-build@~3.7.0
82 silly cache add parsed spec Result {
82 silly cache add   raw: 'node-gyp-build@~3.7.0',
82 silly cache add   scope: null,
82 silly cache add   name: 'node-gyp-build',
82 silly cache add   rawSpec: '~3.7.0',
82 silly cache add   spec: '>=3.7.0 <3.8.0',
82 silly cache add   type: 'range' }
83 silly addNamed node-gyp-build@>=3.7.0 <3.8.0
84 verbose addNamed ">=3.7.0 <3.8.0" is a valid semver range for node-gyp-build
85 silly addNameRange { name: 'node-gyp-build',
85 silly addNameRange   range: '>=3.7.0 <3.8.0',
85 silly addNameRange   hasData: false }
86 silly mapToRegistry name node-gyp-build
87 silly mapToRegistry using default registry
88 silly mapToRegistry registry https://registry.npmjs.org/
89 silly mapToRegistry uri https://registry.npmjs.org/node-gyp-build
90 verbose addNameRange registry:https://registry.npmjs.org/node-gyp-build not in flight; fetching
91 verbose get https://registry.npmjs.org/node-gyp-build not expired, no request
92 silly addNameRange number 2 { name: 'node-gyp-build',
92 silly addNameRange   range: '>=3.7.0 <3.8.0',
92 silly addNameRange   hasData: true }
93 silly addNameRange versions [ 'node-gyp-build',
93 silly addNameRange   [ '1.0.0',
93 silly addNameRange     '1.0.1',
93 silly addNameRange     '1.1.0',
93 silly addNameRange     '1.1.1',
93 silly addNameRange     '2.0.0',
93 silly addNameRange     '2.0.1',
93 silly addNameRange     '2.0.2',
93 silly addNameRange     '3.0.0',
93 silly addNameRange     '3.0.1',
93 silly addNameRange     '3.1.0',
93 silly addNameRange     '3.2.0',
93 silly addNameRange     '3.2.1',
93 silly addNameRange     '3.2.2',
93 silly addNameRange     '3.3.0',
93 silly addNameRange     '3.4.0',
93 silly addNameRange     '3.5.0',
93 silly addNameRange     '3.5.1',
93 silly addNameRange     '3.6.0',
93 silly addNameRange     '3.7.0',
93 silly addNameRange     '3.8.0',
93 silly addNameRange     '4.0.0',
93 silly addNameRange     '3.9.0',
93 silly addNameRange     '4.1.0',
93 silly addNameRange     '4.1.1',
93 silly addNameRange     '4.2.0',
93 silly addNameRange     '4.2.1' ] ]
94 silly addNamed node-gyp-build@3.7.0
95 verbose addNamed "3.7.0" is a plain semver version for node-gyp-build
96 silly mapToRegistry name node-gyp-build
97 silly mapToRegistry using default registry
98 silly mapToRegistry registry https://registry.npmjs.org/
99 silly mapToRegistry uri https://registry.npmjs.org/node-gyp-build
100 verbose addRemoteTarball https://registry.npmjs.org/node-gyp-build/-/node-gyp-build-3.7.0.tgz not in flight; adding
101 verbose addRemoteTarball [ 'https://registry.npmjs.org/node-gyp-build/-/node-gyp-build-3.7.0.tgz',
101 verbose addRemoteTarball   'daa77a4f547b9aed3e2aac779eaf151afd60ec8d' ]
102 info retry fetch attempt 1 at 11:35:32 AM
103 info attempt registry request try #1 at 11:35:32 AM
104 http fetch GET https://registry.npmjs.org/node-gyp-build/-/node-gyp-build-3.7.0.tgz
105 http fetch 200 https://registry.npmjs.org/node-gyp-build/-/node-gyp-build-3.7.0.tgz
106 silly fetchAndShaCheck shasum daa77a4f547b9aed3e2aac779eaf151afd60ec8d
107 verbose addTmpTarball /tmp/npm-8915-0b0be00e/registry.npmjs.org/node-gyp-build/-/node-gyp-build-3.7.0.tgz not in flight; adding
108 verbose addTmpTarball already have metadata; skipping unpack for node-gyp-build@3.7.0
109 silly cache afterAdd node-gyp-build@3.7.0
110 verbose afterAdd /home/baesh_dev/.npm/node-gyp-build/3.7.0/package/package.json not in flight; writing
111 verbose afterAdd /home/baesh_dev/.npm/node-gyp-build/3.7.0/package/package.json written
112 silly loadAllDepsIntoIdealTree Finishing
113 silly idealTree:prePrune syu_garden
113 silly idealTree:prePrune ├── bufferutil@4.0.1
113 silly idealTree:prePrune └── node-gyp-build@3.7.0
114 silly loadIdealTree Finishing
115 silly currentTree syu_garden
116 silly idealTree syu_garden
116 silly idealTree ├── bufferutil@4.0.1
116 silly idealTree └── node-gyp-build@3.7.0
117 silly generateActionsToTake Starting
118 silly install generateActionsToTake
119 silly generateActionsToTake Finishing
120 silly diffTrees action count 2
121 silly diffTrees add node-gyp-build@3.7.0
122 silly diffTrees add bufferutil@4.0.1
123 silly decomposeActions action count 16
124 silly decomposeActions fetch node-gyp-build@3.7.0
125 silly decomposeActions extract node-gyp-build@3.7.0
126 silly decomposeActions test node-gyp-build@3.7.0
127 silly decomposeActions preinstall node-gyp-build@3.7.0
128 silly decomposeActions build node-gyp-build@3.7.0
129 silly decomposeActions install node-gyp-build@3.7.0
130 silly decomposeActions postinstall node-gyp-build@3.7.0
131 silly decomposeActions finalize node-gyp-build@3.7.0
132 silly decomposeActions fetch bufferutil@4.0.1
133 silly decomposeActions extract bufferutil@4.0.1
134 silly decomposeActions test bufferutil@4.0.1
135 silly decomposeActions preinstall bufferutil@4.0.1
136 silly decomposeActions build bufferutil@4.0.1
137 silly decomposeActions install bufferutil@4.0.1
138 silly decomposeActions postinstall bufferutil@4.0.1
139 silly decomposeActions finalize bufferutil@4.0.1
140 silly executeActions Starting
141 silly install executeActions
142 silly doSerial global-install 0
143 silly doParallel fetch 2
144 verbose lock using /home/baesh_dev/.npm/_locks/staging-819dd592bdcc32b7.lock for /home/baesh_dev/syu_garden/node_modules/.staging
145 silly doParallel extract 2
146 silly extract node-gyp-build@3.7.0
147 silly extract bufferutil@4.0.1
148 verbose unbuild node_modules/.staging/bufferutil-6d2bb421
149 verbose unbuild node_modules/.staging/node-gyp-build-22568e47
150 silly gentlyRm /home/baesh_dev/syu_garden/node_modules/.staging/bufferutil-6d2bb421 is being purged from base /home/baesh_dev/syu_garden
151 verbose gentlyRm don't care about contents; nuking /home/baesh_dev/syu_garden/node_modules/.staging/bufferutil-6d2bb421
152 silly gentlyRm /home/baesh_dev/syu_garden/node_modules/.staging/node-gyp-build-22568e47 is being purged from base /home/baesh_dev/syu_garden
153 verbose gentlyRm don't care about contents; nuking /home/baesh_dev/syu_garden/node_modules/.staging/node-gyp-build-22568e47
154 verbose tar unpack /home/baesh_dev/.npm/bufferutil/4.0.1/package.tgz
155 verbose tar unpacking to /home/baesh_dev/syu_garden/node_modules/.staging/bufferutil-6d2bb421
156 silly gentlyRm /home/baesh_dev/syu_garden/node_modules/.staging/bufferutil-6d2bb421 is being purged
157 verbose gentlyRm don't care about contents; nuking /home/baesh_dev/syu_garden/node_modules/.staging/bufferutil-6d2bb421
158 verbose tar unpack /home/baesh_dev/.npm/node-gyp-build/3.7.0/package.tgz
159 verbose tar unpacking to /home/baesh_dev/syu_garden/node_modules/.staging/node-gyp-build-22568e47
160 silly gentlyRm /home/baesh_dev/syu_garden/node_modules/.staging/node-gyp-build-22568e47 is being purged
161 verbose gentlyRm don't care about contents; nuking /home/baesh_dev/syu_garden/node_modules/.staging/node-gyp-build-22568e47
162 silly gunzTarPerm modes [ '755', '644' ]
163 silly gunzTarPerm modes [ '755', '644' ]
164 silly gunzTarPerm extractEntry package.json
165 silly gunzTarPerm extractEntry package.json
166 silly gunzTarPerm extractEntry binding.gyp
167 silly gunzTarPerm extractEntry fallback.js
168 silly gunzTarPerm extractEntry bin.js
169 silly gunzTarPerm extractEntry build-test.js
170 silly gunzTarPerm extractEntry index.js
171 silly gunzTarPerm extractEntry LICENSE
172 silly gunzTarPerm extractEntry index.js
173 silly gunzTarPerm extractEntry LICENSE
174 silly gunzTarPerm extractEntry README.md
175 silly gunzTarPerm extractEntry prebuilds/darwin-x64/electron-napi.node
176 silly gunzTarPerm extractEntry optional.js
177 silly gunzTarPerm extractEntry README.md
178 silly gunzTarPerm extractEntry prebuilds/darwin-x64/node-napi.node
179 silly gunzTarPerm extractEntry prebuilds/linux-x64/electron-napi.node
180 silly gunzTarPerm extractEntry prebuilds/linux-x64/node-napi.node
181 silly gunzTarPerm extractEntry prebuilds/win32-ia32/electron-napi.node
182 silly gunzTarPerm extractEntry prebuilds/win32-ia32/node-napi.node
183 silly gunzTarPerm extractEntry prebuilds/win32-x64/electron-napi.node
184 silly gunzTarPerm extractEntry prebuilds/win32-x64/node-napi.node
185 silly gunzTarPerm extractEntry src/bufferutil.c
186 silly gentlyRm /home/baesh_dev/syu_garden/node_modules/.staging/node-gyp-build-22568e47/node_modules is being purged
187 verbose gentlyRm don't care about contents; nuking /home/baesh_dev/syu_garden/node_modules/.staging/node-gyp-build-22568e47/node_modules
188 silly gentlyRm /home/baesh_dev/syu_garden/node_modules/.staging/bufferutil-6d2bb421/node_modules is being purged
189 verbose gentlyRm don't care about contents; nuking /home/baesh_dev/syu_garden/node_modules/.staging/bufferutil-6d2bb421/node_modules
190 silly doParallel preinstall 2
191 silly preinstall node-gyp-build@3.7.0 /home/baesh_dev/syu_garden/node_modules/.staging/node-gyp-build-22568e47
192 info lifecycle node-gyp-build@3.7.0~preinstall: node-gyp-build@3.7.0
193 silly preinstall bufferutil@4.0.1 /home/baesh_dev/syu_garden/node_modules/.staging/bufferutil-6d2bb421
194 info lifecycle bufferutil@4.0.1~preinstall: bufferutil@4.0.1
195 silly lifecycle node-gyp-build@3.7.0~preinstall: no script for preinstall, continuing
196 silly lifecycle bufferutil@4.0.1~preinstall: no script for preinstall, continuing
197 silly doReverseSerial remove 0
198 silly doSerial move 0
199 silly doSerial finalize 2
200 silly finalize /home/baesh_dev/syu_garden/node_modules/node-gyp-build
201 silly finalize /home/baesh_dev/syu_garden/node_modules/bufferutil
202 silly doSerial build 2
203 silly build node-gyp-build@3.7.0
204 info linkStuff node-gyp-build@3.7.0
205 silly linkStuff node-gyp-build@3.7.0 has /home/baesh_dev/syu_garden/node_modules as its parent node_modules
206 verbose linkBins node-gyp-build@3.7.0
207 verbose link bins [ { 'node-gyp-build': './bin.js',
207 verbose link bins     'node-gyp-build-optional': './optional.js',
207 verbose link bins     'node-gyp-build-test': './build-test.js' },
207 verbose link bins   '/home/baesh_dev/syu_garden/node_modules/.bin',
207 verbose link bins   false ]
208 verbose linkMans node-gyp-build@3.7.0
209 silly gentlyRm /home/baesh_dev/syu_garden/node_modules/.bin/node-gyp-build is being purged
210 verbose gentlyRm don't care about contents; nuking /home/baesh_dev/syu_garden/node_modules/.bin/node-gyp-build
211 silly gentlyRm /home/baesh_dev/syu_garden/node_modules/.bin/node-gyp-build-optional is being purged
212 verbose gentlyRm don't care about contents; nuking /home/baesh_dev/syu_garden/node_modules/.bin/node-gyp-build-optional
213 silly gentlyRm /home/baesh_dev/syu_garden/node_modules/.bin/node-gyp-build-test is being purged
214 verbose gentlyRm don't care about contents; nuking /home/baesh_dev/syu_garden/node_modules/.bin/node-gyp-build-test
215 silly build bufferutil@4.0.1
216 info linkStuff bufferutil@4.0.1
217 silly linkStuff bufferutil@4.0.1 has /home/baesh_dev/syu_garden/node_modules as its parent node_modules
218 verbose linkBins bufferutil@4.0.1
219 verbose linkMans bufferutil@4.0.1
220 silly doSerial global-link 0
221 silly doParallel update-linked 0
222 silly doSerial install 2
223 silly install node-gyp-build@3.7.0 /home/baesh_dev/syu_garden/node_modules/.staging/node-gyp-build-22568e47
224 info lifecycle node-gyp-build@3.7.0~install: node-gyp-build@3.7.0
225 silly lifecycle node-gyp-build@3.7.0~install: no script for install, continuing
226 silly install bufferutil@4.0.1 /home/baesh_dev/syu_garden/node_modules/.staging/bufferutil-6d2bb421
227 info lifecycle bufferutil@4.0.1~install: bufferutil@4.0.1
228 verbose lifecycle bufferutil@4.0.1~install: unsafe-perm in lifecycle false
229 verbose lifecycle bufferutil@4.0.1~install: PATH: /usr/share/npm/bin/node-gyp-bin:/home/baesh_dev/syu_garden/node_modules/bufferutil/node_modules/.bin:/home/baesh_dev/syu_garden/node_modules/.bin:/usr/local/sbin:/usr/local/bin:/usr/sbin:/usr/bin:/sbin:/bin:/snap/bin
230 verbose lifecycle bufferutil@4.0.1~install: CWD: /home/baesh_dev/syu_garden/node_modules/bufferutil
231 silly lifecycle bufferutil@4.0.1~install: Args: [ '-c', 'node-gyp-build' ]
232 silly lifecycle bufferutil@4.0.1~install: Returned: code: 1  signal: null
233 info lifecycle bufferutil@4.0.1~install: Failed to exec install script
234 verbose unlock done using /home/baesh_dev/.npm/_locks/staging-819dd592bdcc32b7.lock for /home/baesh_dev/syu_garden/node_modules/.staging
235 silly rollbackFailedOptional Starting
236 silly rollbackFailedOptional Finishing
237 silly runTopLevelLifecycles Starting
238 silly runTopLevelLifecycles Finishing
239 silly install printInstalled
240 warn enoent ENOENT: no such file or directory, open '/home/baesh_dev/syu_garden/package.json'
241 warn syu_garden No description
242 warn syu_garden No repository field.
243 warn syu_garden No README data
244 warn syu_garden No license field.
245 verbose stack Error: bufferutil@4.0.1 install: `node-gyp-build`
245 verbose stack Exit status 1
245 verbose stack     at EventEmitter.<anonymous> (/usr/share/npm/lib/utils/lifecycle.js:232:16)
245 verbose stack     at emitTwo (events.js:87:13)
245 verbose stack     at EventEmitter.emit (events.js:172:7)
245 verbose stack     at ChildProcess.<anonymous> (/usr/share/npm/lib/utils/spawn.js:24:14)
245 verbose stack     at emitTwo (events.js:87:13)
245 verbose stack     at ChildProcess.emit (events.js:172:7)
245 verbose stack     at maybeClose (internal/child_process.js:821:16)
245 verbose stack     at Process.ChildProcess._handle.onexit (internal/child_process.js:211:5)
246 verbose pkgid bufferutil@4.0.1
247 verbose cwd /home/baesh_dev/syu_garden
248 error Linux 4.15.0-1058-gcp
249 error argv "/usr/bin/nodejs" "/usr/bin/npm" "install" "bufferutil"
250 error node v4.2.6
251 error npm  v3.5.2
252 error code ELIFECYCLE
253 error bufferutil@4.0.1 install: `node-gyp-build`
253 error Exit status 1
254 error Failed at the bufferutil@4.0.1 install script 'node-gyp-build'.
254 error Make sure you have the latest version of node.js and npm installed.
254 error If you do, this is most likely a problem with the bufferutil package,
254 error not with npm itself.
254 error Tell the author that this fails on your system:
254 error     node-gyp-build
254 error You can get information on how to open an issue for this project with:
254 error     npm bugs bufferutil
254 error Or if that isn't available, you can get their info via:
254 error     npm owner ls bufferutil
254 error There is likely additional logging output above.
255 verbose exit [ 1, true ]
